<?xml version="1.0" encoding="UTF-8"?>
<testng-results ignored="0" total="1" passed="1" failed="0" skipped="0">
  <reporter-output>
  </reporter-output>
  <suite started-at="2024-09-20T08:16:56 BST" name="Default suite" finished-at="2024-09-20T08:17:02 BST" duration-ms="5670">
    <groups>
    </groups>
    <test started-at="2024-09-20T08:16:56 BST" name="Default test" finished-at="2024-09-20T08:17:02 BST" duration-ms="5670">
      <class name="test.Logout">
        <test-method is-config="true" signature="login()[pri:0, instance:test.Logout@50687efb]" started-at="2024-09-20T08:16:57 BST" name="login" finished-at="2024-09-20T08:16:57 BST" duration-ms="313" status="PASS">
          <reporter-output>
          </reporter-output>
        </test-method> <!-- login -->
        <test-method signature="logout()[pri:11, instance:test.Logout@50687efb]" started-at="2024-09-20T08:16:57 BST" name="logout" finished-at="2024-09-20T08:17:01 BST" duration-ms="4165" status="PASS">
          <reporter-output>
          </reporter-output>
        </test-method> <!-- logout -->
        <test-method is-config="true" signature="CLOSE()[pri:0, instance:test.Logout@50687efb]" started-at="2024-09-20T08:17:01 BST" name="CLOSE" finished-at="2024-09-20T08:17:02 BST" duration-ms="950" status="PASS">
          <reporter-output>
          </reporter-output>
        </test-method> <!-- CLOSE -->
      </class> <!-- test.Logout -->
    </test> <!-- Default test -->
  </suite> <!-- Default suite -->
</testng-results>
